info: Server is listening on port 3000! {"timestamp":"2020-03-20T18:21:36.148Z"}
info: Server is listening on port 3000! {"timestamp":"2020-03-20T18:21:40.193Z"}
info: Server is listening on port 3000! {"timestamp":"2020-03-20T18:21:49.838Z"}
info: Server is listening on port 3000! {"timestamp":"2020-03-20T18:21:54.069Z"}
info: Server is listening on port 3000! {"timestamp":"2020-03-20T18:21:59.109Z"}
info: Server is listening on port 3000! {"timestamp":"2020-03-20T18:22:01.078Z"}
info: Server is listening on port 3000! {"timestamp":"2020-03-20T18:22:10.595Z"}
info: Server is listening on port 3000! {"timestamp":"2020-03-20T18:22:18.981Z"}
info: Server is listening on port 3000! {"timestamp":"2020-03-20T18:22:20.473Z"}
info: Server is listening on port 3000! {"timestamp":"2020-03-20T18:22:23.022Z"}
info: Server is listening on port 3000! {"timestamp":"2020-03-20T18:22:31.205Z"}
info: Server is listening on port 3000! {"timestamp":"2020-03-20T18:22:32.722Z"}
info: Server is listening on port 3000! {"timestamp":"2020-03-20T18:22:39.652Z"}
info: Server is listening on port 3000! {"timestamp":"2020-03-20T18:22:44.241Z"}
info: Server is listening on port 3000! {"timestamp":"2020-03-20T18:22:50.019Z"}
info: Server is listening on port 3000! {"timestamp":"2020-03-20T18:23:09.191Z"}
info: Server is listening on port 3000! {"timestamp":"2020-03-20T18:23:14.333Z"}
info: Server is listening on port 3000! {"timestamp":"2020-03-20T18:23:20.879Z"}
info: Server is listening on port 3000! {"timestamp":"2020-03-20T18:23:44.373Z"}
info: Server is listening on port 3000! {"timestamp":"2020-03-20T18:23:51.592Z"}
info: Server is listening on port 3000! {"timestamp":"2020-03-20T18:24:01.111Z"}
info: Server is listening on port 3000! {"timestamp":"2020-03-20T18:24:05.724Z"}
info: Server is listening on port 3000! {"timestamp":"2020-03-20T18:24:12.528Z"}
info: Server is listening on port 3000! {"timestamp":"2020-03-20T18:24:17.811Z"}
info: Server is listening on port 3000! {"timestamp":"2020-03-20T18:24:25.035Z"}
info: Server is listening on port 3000! {"timestamp":"2020-03-20T18:25:19.452Z"}
info: Server is listening on port 3000! {"timestamp":"2020-03-20T18:25:22.998Z"}
info: Server is listening on port 3000! {"timestamp":"2020-03-20T18:26:02.598Z"}
info: Server is listening on port 3000! {"timestamp":"2020-03-20T18:26:04.421Z"}
info: Server is listening on port 3000! {"timestamp":"2020-03-20T18:26:12.126Z"}
info: Server is listening on port 3000! {"timestamp":"2020-03-20T18:26:15.190Z"}
info: Server is listening on port 3000! {"timestamp":"2020-03-20T18:26:18.924Z"}
info: Server is listening on port 3000! {"timestamp":"2020-03-20T18:26:22.037Z"}
info: Server is listening on port 3000! {"timestamp":"2020-03-20T18:26:23.315Z"}
info: Server is listening on port 3000! {"timestamp":"2020-03-20T18:26:24.947Z"}
info: Server is listening on port 3000! {"timestamp":"2020-03-20T18:26:26.817Z"}
info: Server is listening on port 3000! {"timestamp":"2020-03-20T18:26:50.422Z"}
info: Server is listening on port 3000! {"timestamp":"2020-03-20T18:26:52.866Z"}
info: Server is listening on port 3000! {"timestamp":"2020-03-20T18:26:56.468Z"}
info: Server is listening on port 3000! {"timestamp":"2020-03-20T18:27:03.663Z"}
info: Server is listening on port 3000! {"timestamp":"2020-03-20T18:27:09.831Z"}
info: Server is listening on port 3000! {"timestamp":"2020-03-20T18:27:17.267Z"}
info: Server is listening on port 3000! {"timestamp":"2020-03-20T18:27:25.624Z"}
info: Server is listening on port 3000! {"timestamp":"2020-03-20T18:27:27.853Z"}
info: Server is listening on port 3000! {"timestamp":"2020-03-20T18:27:30.297Z"}
info: Server is listening on port 3000! {"timestamp":"2020-03-20T18:27:32.214Z"}
info: Server is listening on port 3000! {"timestamp":"2020-03-20T18:27:41.549Z"}
info: Server is listening on port 3000! {"timestamp":"2020-03-20T18:27:44.131Z"}
info: Server is listening on port 3000! {"timestamp":"2020-03-20T18:27:45.801Z"}
info: Server is listening on port 3000! {"timestamp":"2020-03-20T18:27:48.155Z"}
info: Server is listening on port 3000! {"timestamp":"2020-03-20T18:27:54.596Z"}
info: Server is listening on port 3000! {"timestamp":"2020-03-20T18:27:57.266Z"}
info: Server is listening on port 3000! {"timestamp":"2020-03-20T18:27:59.444Z"}
info: Server is listening on port 3000! {"timestamp":"2020-03-20T18:28:16.940Z"}
info: Server is listening on port 3000! {"timestamp":"2020-03-20T18:28:18.477Z"}
info: Server is listening on port 3000! {"timestamp":"2020-03-20T18:28:19.846Z"}
info: Server is listening on port 3000! {"timestamp":"2020-03-20T18:28:24.239Z"}
info: Server is listening on port 3000! {"timestamp":"2020-03-20T18:28:27.602Z"}
info: Server is listening on port 3000! {"timestamp":"2020-03-20T18:28:38.795Z"}
info: Server is listening on port 3000! {"timestamp":"2020-03-20T18:28:45.199Z"}
info: Server is listening on port 3000! {"timestamp":"2020-03-20T18:28:52.878Z"}
info: Server is listening on port 3000! {"timestamp":"2020-03-20T18:29:01.673Z"}
info: Server is listening on port 3000! {"timestamp":"2020-03-20T18:29:05.660Z"}
info: Server is listening on port 3000! {"timestamp":"2020-03-20T18:29:08.296Z"}
info: Server is listening on port 3000! {"timestamp":"2020-03-20T18:29:19.055Z"}
info: Server is listening on port 3000! {"timestamp":"2020-03-20T18:29:27.067Z"}
info: Server is listening on port 3000! {"timestamp":"2020-03-20T18:29:29.776Z"}
info: Server is listening on port 3000! {"timestamp":"2020-03-20T18:29:32.010Z"}
info: Server is listening on port 3000! {"timestamp":"2020-03-20T18:29:36.833Z"}
info: Server is listening on port 3000! {"timestamp":"2020-03-20T18:29:45.934Z"}
info: Server is listening on port 3000! {"timestamp":"2020-03-20T18:29:53.098Z"}
info: Server is listening on port 3000! {"timestamp":"2020-03-20T18:29:57.438Z"}
info: Server is listening on port 3000! {"timestamp":"2020-03-20T18:30:02.100Z"}
info: Server is listening on port 3000! {"timestamp":"2020-03-20T18:30:08.235Z"}
info: Server is listening on port 3000! {"timestamp":"2020-03-20T18:30:17.673Z"}
info: Server is listening on port 3000! {"timestamp":"2020-03-20T18:30:22.729Z"}
info: Server is listening on port 3000! {"timestamp":"2020-03-20T18:30:35.642Z"}
info: Server is listening on port 3000! {"timestamp":"2020-03-20T18:30:39.088Z"}
info: Server is listening on port 3000! {"timestamp":"2020-03-20T18:30:46.411Z"}
info: Server is listening on port 3000! {"timestamp":"2020-03-20T18:30:51.421Z"}
info: Server is listening on port 3000! {"timestamp":"2020-03-20T18:31:02.171Z"}
info: Server is listening on port 3000! {"timestamp":"2020-03-20T18:31:11.349Z"}
info: Server is listening on port 3000! {"timestamp":"2020-03-20T18:31:28.013Z"}
info: Server is listening on port 3000! {"timestamp":"2020-03-20T18:31:37.891Z"}
info: Server is listening on port 3000! {"timestamp":"2020-03-20T18:31:40.717Z"}
info: Server is listening on port 3000! {"timestamp":"2020-03-20T18:31:42.051Z"}
info: Server is listening on port 3000! {"timestamp":"2020-03-20T18:31:51.778Z"}
info: Server is listening on port 3000! {"timestamp":"2020-03-20T18:31:55.245Z"}
info: Server is listening on port 3000! {"timestamp":"2020-03-20T18:31:59.732Z"}
info: Server is listening on port 3000! {"timestamp":"2020-03-20T18:32:02.577Z"}
info: Server is listening on port 3000! {"timestamp":"2020-03-20T18:32:10.503Z"}
info: Server is listening on port 3000! {"timestamp":"2020-03-20T18:32:14.662Z"}
info: Server is listening on port 3000! {"timestamp":"2020-03-20T18:32:19.183Z"}
info: Server is listening on port 3000! {"timestamp":"2020-03-20T18:32:27.302Z"}
info: Server is listening on port 3000! {"timestamp":"2020-03-20T18:32:32.872Z"}
info: Server is listening on port 3000! {"timestamp":"2020-03-20T18:32:36.663Z"}
info: Server is listening on port 3000! {"timestamp":"2020-03-20T18:32:38.907Z"}
info: Server is listening on port 3000! {"timestamp":"2020-03-20T18:32:47.731Z"}
info: Server is listening on port 3000! {"timestamp":"2020-03-20T18:32:50.844Z"}
info: Server is listening on port 3000! {"timestamp":"2020-03-20T18:32:56.680Z"}
info: Server is listening on port 3000! {"timestamp":"2020-03-20T18:33:03.599Z"}
info: Server is listening on port 3000! {"timestamp":"2020-03-20T18:33:10.430Z"}
info: Server is listening on port 3000! {"timestamp":"2020-03-20T18:33:13.223Z"}
info: Server is listening on port 3000! {"timestamp":"2020-03-20T18:33:14.595Z"}
info: Server is listening on port 3000! {"timestamp":"2020-03-20T18:33:21.471Z"}
info: Server is listening on port 3000! {"timestamp":"2020-03-20T18:33:29.632Z"}
info: Server is listening on port 3000! {"timestamp":"2020-03-20T18:33:45.175Z"}
info: Server is listening on port 3000! {"timestamp":"2020-03-20T18:33:49.134Z"}
info: Server is listening on port 3000! {"timestamp":"2020-03-20T18:33:50.449Z"}
info: Server is listening on port 3000! {"timestamp":"2020-03-20T18:33:54.825Z"}
info: Server is listening on port 3000! {"timestamp":"2020-03-20T18:33:58.440Z"}
info: Server is listening on port 3000! {"timestamp":"2020-03-20T18:34:00.026Z"}
info: Server is listening on port 3000! {"timestamp":"2020-03-20T18:34:04.822Z"}
info: Server is listening on port 3000! {"timestamp":"2020-03-20T18:34:18.450Z"}
info: Server is listening on port 3000! {"timestamp":"2020-03-20T18:34:20.236Z"}
info: Server is listening on port 3000! {"timestamp":"2020-03-20T18:34:25.802Z"}
info: Server is listening on port 3000! {"timestamp":"2020-03-20T18:34:29.029Z"}
info: Server is listening on port 3000! {"timestamp":"2020-03-20T18:34:40.937Z"}
info: Server is listening on port 3000! {"timestamp":"2020-03-20T18:34:44.331Z"}
info: Server is listening on port 3000! {"timestamp":"2020-03-20T18:34:49.432Z"}
info: Server is listening on port 3000! {"timestamp":"2020-03-20T18:34:56.451Z"}
info: Server is listening on port 3000! {"timestamp":"2020-03-20T18:35:00.750Z"}
info: Server is listening on port 3000! {"timestamp":"2020-03-20T18:35:05.205Z"}
info: Server is listening on port 3000! {"timestamp":"2020-03-20T18:35:09.406Z"}
info: Server is listening on port 3000! {"timestamp":"2020-03-20T18:35:17.300Z"}
info: Server is listening on port 3000! {"timestamp":"2020-03-20T18:35:23.081Z"}
info: Server is listening on port 3000! {"timestamp":"2020-03-20T18:35:26.814Z"}
info: Server is listening on port 3000! {"timestamp":"2020-03-20T18:35:34.268Z"}
info: Server is listening on port 3000! {"timestamp":"2020-03-20T18:35:45.689Z"}
info: Server is listening on port 3000! {"timestamp":"2020-03-20T18:35:49.754Z"}
info: Server is listening on port 3000! {"timestamp":"2020-03-20T18:35:52.838Z"}
info: Server is listening on port 3000! {"timestamp":"2020-03-20T18:35:56.235Z"}
info: Server is listening on port 3000! {"timestamp":"2020-03-20T18:36:04.645Z"}
info: Server is listening on port 3000! {"timestamp":"2020-03-20T18:36:13.416Z"}
info: Server is listening on port 3000! {"timestamp":"2020-03-20T18:36:19.635Z"}
info: Server is listening on port 3000! {"timestamp":"2020-03-20T18:36:26.289Z"}
info: Server is listening on port 3000! {"timestamp":"2020-03-20T18:36:30.428Z"}
info: Server is listening on port 3000! {"timestamp":"2020-03-20T18:36:33.472Z"}
info: Server is listening on port 3000! {"timestamp":"2020-03-20T18:36:35.127Z"}
info: Server is listening on port 3000! {"timestamp":"2020-03-20T18:36:40.938Z"}
info: Server is listening on port 3000! {"timestamp":"2020-03-20T18:36:45.665Z"}
info: Server is listening on port 3000! {"timestamp":"2020-03-20T18:36:51.498Z"}
info: Server is listening on port 3000! {"timestamp":"2020-03-20T18:37:14.985Z"}
info: Server is listening on port 3000! {"timestamp":"2020-03-20T18:37:19.232Z"}
info: Server is listening on port 3000! {"timestamp":"2020-03-20T18:37:21.225Z"}
info: Server is listening on port 3000! {"timestamp":"2020-03-20T18:37:28.421Z"}
info: Server is listening on port 3000! {"timestamp":"2020-03-20T18:37:40.866Z"}
info: Server is listening on port 3000! {"timestamp":"2020-03-20T18:37:48.296Z"}
info: Server is listening on port 3000! {"timestamp":"2020-03-20T18:37:52.968Z"}
info: Server is listening on port 3000! {"timestamp":"2020-03-20T18:38:13.013Z"}
info: Server is listening on port 3000! {"timestamp":"2020-03-20T18:38:16.552Z"}
info: Server is listening on port 3000! {"timestamp":"2020-03-20T18:38:24.014Z"}
info: Server is listening on port 3000! {"timestamp":"2020-03-20T18:38:29.409Z"}
info: Server is listening on port 3000! {"timestamp":"2020-03-20T18:38:39.006Z"}
info: Server is listening on port 3000! {"timestamp":"2020-03-20T18:38:42.736Z"}
info: Server is listening on port 3000! {"timestamp":"2020-03-20T18:38:54.645Z"}
info: Server is listening on port 3000! {"timestamp":"2020-03-20T18:38:59.091Z"}
info: Server is listening on port 3000! {"timestamp":"2020-03-20T18:39:04.350Z"}
info: Server is listening on port 3000! {"timestamp":"2020-03-20T18:39:14.658Z"}
info: Server is listening on port 3000! {"timestamp":"2020-03-20T18:39:21.900Z"}
info: Server is listening on port 3000! {"timestamp":"2020-03-20T18:39:51.215Z"}
info: Server is listening on port 3000! {"timestamp":"2020-03-20T18:39:58.046Z"}
info: Server is listening on port 3000! {"timestamp":"2020-03-20T18:40:05.048Z"}
info: Server is listening on port 3000! {"timestamp":"2020-03-20T18:40:09.718Z"}
info: Server is listening on port 3000! {"timestamp":"2020-03-20T18:40:12.422Z"}
info: Server is listening on port 3000! {"timestamp":"2020-03-20T18:40:23.053Z"}
info: Server is listening on port 3000! {"timestamp":"2020-03-20T18:40:30.150Z"}
info: Server is listening on port 3000! {"timestamp":"2020-03-20T18:40:36.234Z"}
info: Server is listening on port 3000! {"timestamp":"2020-03-20T18:40:41.397Z"}
info: Server is listening on port 3000! {"timestamp":"2020-03-20T18:40:45.067Z"}
info: Server is listening on port 3000! {"timestamp":"2020-03-20T18:40:56.895Z"}
info: Server is listening on port 3000! {"timestamp":"2020-03-20T18:40:59.725Z"}
info: Time: 1584729750585 {"timestamp":"2020-03-20T18:42:30.586Z"}
info: Request url: /api/login {"timestamp":"2020-03-20T18:42:30.586Z"}
info: Request Body: {"login":"admin@gmail.com","password":"password"} {"timestamp":"2020-03-20T18:42:30.596Z"}
info: Request params: {} {"timestamp":"2020-03-20T18:42:30.598Z"}
info: Request query: {} {"timestamp":"2020-03-20T18:42:30.601Z"}
info: Method: post, Path: /login {"timestamp":"2020-03-20T18:42:30.604Z"}
info: Method to call : userService.getUserLoginDetails, Arguments: login and password {"timestamp":"2020-03-20T18:42:30.613Z"}
info: Method name: getUserLoginDetails, arguments: {"0":"admin@gmail.com","1":"password"} {"timestamp":"2020-03-20T18:42:30.616Z"}
info: Time: 1584729759711 {"timestamp":"2020-03-20T18:42:39.712Z"}
info: Request url: /api/addUser {"timestamp":"2020-03-20T18:42:39.713Z"}
info: Request Body: {"id":"006","login":"admin4@gmail.com","password":"password","age":22} {"timestamp":"2020-03-20T18:42:39.729Z"}
info: Request params: {} {"timestamp":"2020-03-20T18:42:39.731Z"}
info: Request query: {} {"timestamp":"2020-03-20T18:42:39.733Z"}
info: Method: post, Path: /adduser {"timestamp":"2020-03-20T18:42:39.811Z"}
info: Method to call : userModal.addUser, Arguments: id, login, password and age {"timestamp":"2020-03-20T18:42:39.811Z"}
info: Method name: addUser, arguments: {"0":"006","1":"admin4@gmail.com","2":"password","3":22} {"timestamp":"2020-03-20T18:42:39.820Z"}
info: Time: 1584729761982 {"timestamp":"2020-03-20T18:42:41.983Z"}
info: Request url: /api/addUser {"timestamp":"2020-03-20T18:42:41.984Z"}
info: Request Body: {"id":"006","login":"admin4@gmail.com","password":"password","age":22} {"timestamp":"2020-03-20T18:42:41.992Z"}
info: Request params: {} {"timestamp":"2020-03-20T18:42:41.994Z"}
info: Request query: {} {"timestamp":"2020-03-20T18:42:41.996Z"}
info: Method: post, Path: /adduser {"timestamp":"2020-03-20T18:42:41.998Z"}
info: Method to call : userModal.addUser, Arguments: id, login, password and age {"timestamp":"2020-03-20T18:42:41.999Z"}
info: Method name: addUser, arguments: {"0":"006","1":"admin4@gmail.com","2":"password","3":22} {"timestamp":"2020-03-20T18:42:41.999Z"}
error: post:/addUser, Error: SequelizeUniqueConstraintError: Validation error {"timestamp":"2020-03-20T18:42:42.121Z"}
info: Server is listening on port 3000! {"timestamp":"2020-03-20T18:43:30.911Z"}
info: Server is listening on port 3000! {"timestamp":"2020-03-20T18:43:34.847Z"}
info: Server is listening on port 3000! {"timestamp":"2020-03-20T18:43:39.578Z"}
info: Server is listening on port 3000! {"timestamp":"2020-03-20T18:43:44.793Z"}
info: Server is listening on port 3000! {"timestamp":"2020-03-20T18:43:49.933Z"}
info: Server is listening on port 3000! {"timestamp":"2020-03-20T18:43:52.743Z"}
info: Server is listening on port 3000! {"timestamp":"2020-03-20T18:43:56.389Z"}
info: Server is listening on port 3000! {"timestamp":"2020-03-20T18:43:59.215Z"}
info: Server is listening on port 3000! {"timestamp":"2020-03-20T18:44:13.307Z"}
info: Server is listening on port 3000! {"timestamp":"2020-03-20T18:44:16.163Z"}
info: Server is listening on port 3000! {"timestamp":"2020-03-20T18:44:22.772Z"}
info: Server is listening on port 3000! {"timestamp":"2020-03-20T18:44:27.239Z"}
info: Server is listening on port 3000! {"timestamp":"2020-03-20T18:44:30.811Z"}
info: Server is listening on port 3000! {"timestamp":"2020-03-20T18:44:33.110Z"}
info: Server is listening on port 3000! {"timestamp":"2020-03-20T18:44:37.180Z"}
info: Time: 1584729879390 {"timestamp":"2020-03-20T18:44:39.391Z"}
info: Request url: /api/addUser {"timestamp":"2020-03-20T18:44:39.392Z"}
info: Request Body: {"id":"006","login":"admin4@gmail.com","password":"password","age":22} {"timestamp":"2020-03-20T18:44:39.393Z"}
info: Request params: {} {"timestamp":"2020-03-20T18:44:39.400Z"}
info: Request query: {} {"timestamp":"2020-03-20T18:44:39.402Z"}
info: Method: post, Path: /adduser {"timestamp":"2020-03-20T18:44:39.423Z"}
info: Method to call : userModal.addUser, Arguments: id, login, password and age {"timestamp":"2020-03-20T18:44:39.425Z"}
info: Method name: addUser, arguments: {"0":"006","1":"admin4@gmail.com","2":"password","3":22} {"timestamp":"2020-03-20T18:44:39.427Z"}
error: post:/addUser, Error: SequelizeUniqueConstraintError: Validation error {"timestamp":"2020-03-20T18:44:39.779Z"}
info: Server is listening on port 3000! {"timestamp":"2020-03-20T18:44:58.044Z"}
info: Server is listening on port 3000! {"timestamp":"2020-03-20T18:45:02.676Z"}
info: Server is listening on port 3000! {"timestamp":"2020-03-20T18:45:10.035Z"}
info: Server is listening on port 3000! {"timestamp":"2020-03-20T18:45:12.867Z"}
info: Server is listening on port 3000! {"timestamp":"2020-03-20T18:45:45.000Z"}
info: Server is listening on port 3000! {"timestamp":"2020-03-20T18:45:49.756Z"}
info: Server is listening on port 3000! {"timestamp":"2020-03-20T18:45:52.722Z"}
info: Server is listening on port 3000! {"timestamp":"2020-03-20T18:46:01.644Z"}
info: Server is listening on port 3000! {"timestamp":"2020-03-20T18:46:06.416Z"}
info: Server is listening on port 3000! {"timestamp":"2020-03-20T18:46:15.535Z"}
info: Server is listening on port 3000! {"timestamp":"2020-03-20T18:46:20.971Z"}
info: Server is listening on port 3000! {"timestamp":"2020-03-20T18:46:37.550Z"}
info: Server is listening on port 3000! {"timestamp":"2020-03-20T18:46:43.028Z"}
info: Time: 1584730027139 {"timestamp":"2020-03-20T18:47:07.141Z"}
info: Server is listening on port 3000! {"timestamp":"2020-03-20T18:47:15.547Z"}
info: Time: 1584730039729 {"timestamp":"2020-03-20T18:47:19.730Z"}
